<?xml version="1.0" encoding="UTF-8"?>
<!-- Generated by org.testng.reporters.JUnitReportReporter -->
<testsuite skipped="0" hostname="Sunil" name="testngbatch.NewTest" tests="2" failures="0" timestamp="22 Jan 2018 13:00:19 GMT" time="0.012" errors="0">
  <testcase name="f3" time="0.001" classname="testngbatch.NewTest"/>
  <testcase name="f1" time="0.011" classname="testngbatch.NewTest"/>
</testsuite> <!-- testngbatch.NewTest -->
