<?xml version="1.0" encoding="UTF-8"?>
<!-- Generated by org.testng.reporters.JUnitReportReporter -->
<testsuite skipped="0" hostname="Sunil" name="testngbatch.NewTest2" tests="1" failures="0" timestamp="22 Jan 2018 13:00:19 GMT" time="0.004" errors="0">
  <testcase name="f4" time="0.004" classname="testngbatch.NewTest2"/>
</testsuite> <!-- testngbatch.NewTest2 -->
